<?xml version="1.0" encoding="UTF-8"?>
<coverage generated="1630024894221" clover="3.2.0">
  <project timestamp="1630024894234" name="All files">
    <metrics statements="66" coveredstatements="48" conditionals="8" coveredconditionals="7" methods="21" coveredmethods="15" elements="95" coveredelements="70" complexity="0" loc="66" ncloc="66" packages="1" files="7" classes="7"/>
    <file name="add-and-remove.js" path="C:\Users\lenovo 2019\Documents\microverse\Main-Curriculum\javascript\to-do-list\src\add-and-remove.js">
      <metrics statements="9" coveredstatements="9" conditionals="0" coveredconditionals="0" methods="4" coveredmethods="4"/>
      <line num="5" count="10" type="stmt"/>
      <line num="6" count="10" type="stmt"/>
      <line num="7" count="10" type="stmt"/>
      <line num="11" count="2" type="stmt"/>
      <line num="12" count="2" type="stmt"/>
      <line num="13" count="2" type="stmt"/>
      <line num="17" count="8" type="stmt"/>
      <line num="18" count="2" type="stmt"/>
      <line num="19" count="2" type="stmt"/>
    </file>
    <file name="change-state-checked.js" path="C:\Users\lenovo 2019\Documents\microverse\Main-Curriculum\javascript\to-do-list\src\change-state-checked.js">
      <metrics statements="3" coveredstatements="2" conditionals="2" coveredconditionals="1" methods="1" coveredmethods="1"/>
      <line num="5" count="1" type="cond" truecount="1" falsecount="1"/>
      <line num="6" count="0" type="stmt"/>
      <line num="8" count="1" type="stmt"/>
    </file>
    <file name="checked.js" path="C:\Users\lenovo 2019\Documents\microverse\Main-Curriculum\javascript\to-do-list\src\checked.js">
      <metrics statements="11" coveredstatements="8" conditionals="4" coveredconditionals="4" methods="4" coveredmethods="3"/>
      <line num="8" count="15" type="stmt"/>
      <line num="10" count="15" type="cond" truecount="2" falsecount="0"/>
      <line num="11" count="1" type="stmt"/>
      <line num="14" count="15" type="stmt"/>
      <line num="18" count="15" type="cond" truecount="2" falsecount="0"/>
      <line num="19" count="1" type="stmt"/>
      <line num="21" count="14" type="stmt"/>
      <line num="26" count="15" type="stmt"/>
      <line num="27" count="0" type="stmt"/>
      <line num="29" count="0" type="stmt"/>
      <line num="30" count="0" type="stmt"/>
    </file>
    <file name="display-task.js" path="C:\Users\lenovo 2019\Documents\microverse\Main-Curriculum\javascript\to-do-list\src\display-task.js">
      <metrics statements="33" coveredstatements="19" conditionals="0" coveredconditionals="0" methods="7" coveredmethods="2"/>
      <line num="13" count="7" type="stmt"/>
      <line num="14" count="7" type="stmt"/>
      <line num="15" count="7" type="stmt"/>
      <line num="17" count="7" type="stmt"/>
      <line num="18" count="15" type="stmt"/>
      <line num="19" count="15" type="stmt"/>
      <line num="21" count="15" type="stmt"/>
      <line num="32" count="15" type="stmt"/>
      <line num="34" count="15" type="stmt"/>
      <line num="36" count="15" type="stmt"/>
      <line num="37" count="0" type="stmt"/>
      <line num="40" count="15" type="stmt"/>
      <line num="42" count="15" type="stmt"/>
      <line num="44" count="15" type="stmt"/>
      <line num="46" count="15" type="stmt"/>
      <line num="47" count="15" type="stmt"/>
      <line num="49" count="15" type="stmt"/>
      <line num="51" count="15" type="stmt"/>
      <line num="52" count="0" type="stmt"/>
      <line num="53" count="0" type="stmt"/>
      <line num="54" count="0" type="stmt"/>
      <line num="55" count="0" type="stmt"/>
      <line num="58" count="15" type="stmt"/>
      <line num="59" count="0" type="stmt"/>
      <line num="60" count="0" type="stmt"/>
      <line num="61" count="0" type="stmt"/>
      <line num="62" count="0" type="stmt"/>
      <line num="63" count="0" type="stmt"/>
      <line num="67" count="15" type="stmt"/>
      <line num="68" count="0" type="stmt"/>
      <line num="69" count="0" type="stmt"/>
      <line num="70" count="0" type="stmt"/>
      <line num="71" count="0" type="stmt"/>
    </file>
    <file name="local-storage.js" path="C:\Users\lenovo 2019\Documents\microverse\Main-Curriculum\javascript\to-do-list\src\local-storage.js">
      <metrics statements="3" coveredstatements="3" conditionals="2" coveredconditionals="2" methods="2" coveredmethods="2"/>
      <line num="2" count="7" type="stmt"/>
      <line num="6" count="16" type="stmt"/>
      <line num="8" count="16" type="cond" truecount="2" falsecount="0"/>
    </file>
    <file name="reorder-index.js" path="C:\Users\lenovo 2019\Documents\microverse\Main-Curriculum\javascript\to-do-list\src\reorder-index.js">
      <metrics statements="3" coveredstatements="3" conditionals="0" coveredconditionals="0" methods="2" coveredmethods="2"/>
      <line num="4" count="5" type="stmt"/>
      <line num="5" count="14" type="stmt"/>
      <line num="6" count="14" type="stmt"/>
    </file>
    <file name="task-input.js" path="C:\Users\lenovo 2019\Documents\microverse\Main-Curriculum\javascript\to-do-list\src\task-input.js">
      <metrics statements="4" coveredstatements="4" conditionals="0" coveredconditionals="0" methods="1" coveredmethods="1"/>
      <line num="9" count="1" type="stmt"/>
      <line num="10" count="1" type="stmt"/>
      <line num="11" count="1" type="stmt"/>
      <line num="12" count="1" type="stmt"/>
    </file>
  </project>
</coverage>
