<?xml version="1.0" encoding="UTF-8"?>
<coverage generated="1629929311268" clover="3.2.0">
  <project timestamp="1629929311268" name="All files">
    <metrics statements="64" coveredstatements="40" conditionals="8" coveredconditionals="4" methods="19" coveredmethods="13" elements="91" coveredelements="57" complexity="0" loc="64" ncloc="64" packages="1" files="4" classes="4"/>
    <file name="add-and-remove.js" path="C:\Users\lenovo 2019\Documents\microverse\Main-Curriculum\javascript\to-do-list\src\add-and-remove.js">
      <metrics statements="13" coveredstatements="13" conditionals="0" coveredconditionals="0" methods="6" coveredmethods="6"/>
      <line num="3" count="4" type="stmt"/>
      <line num="4" count="4" type="stmt"/>
      <line num="5" count="4" type="stmt"/>
      <line num="9" count="1" type="stmt"/>
      <line num="10" count="1" type="stmt"/>
      <line num="11" count="1" type="stmt"/>
      <line num="12" count="1" type="stmt"/>
      <line num="14" count="1" type="stmt"/>
      <line num="18" count="3" type="stmt"/>
      <line num="19" count="1" type="stmt"/>
      <line num="20" count="3" type="stmt"/>
      <line num="21" count="3" type="stmt"/>
      <line num="23" count="1" type="stmt"/>
    </file>
    <file name="checked.js" path="C:\Users\lenovo 2019\Documents\microverse\Main-Curriculum\javascript\to-do-list\src\checked.js">
      <metrics statements="13" coveredstatements="6" conditionals="6" coveredconditionals="2" methods="4" coveredmethods="3"/>
      <line num="7" count="6" type="stmt"/>
      <line num="9" count="6" type="cond" truecount="1" falsecount="1"/>
      <line num="10" count="0" type="stmt"/>
      <line num="13" count="6" type="stmt"/>
      <line num="17" count="6" type="cond" truecount="1" falsecount="1"/>
      <line num="18" count="0" type="stmt"/>
      <line num="20" count="6" type="stmt"/>
      <line num="25" count="6" type="stmt"/>
      <line num="26" count="0" type="cond" truecount="0" falsecount="2"/>
      <line num="27" count="0" type="stmt"/>
      <line num="29" count="0" type="stmt"/>
      <line num="32" count="0" type="stmt"/>
      <line num="33" count="0" type="stmt"/>
    </file>
    <file name="display-task.js" path="C:\Users\lenovo 2019\Documents\microverse\Main-Curriculum\javascript\to-do-list\src\display-task.js">
      <metrics statements="35" coveredstatements="18" conditionals="0" coveredconditionals="0" methods="7" coveredmethods="2"/>
      <line num="10" count="3" type="stmt"/>
      <line num="11" count="3" type="stmt"/>
      <line num="13" count="3" type="stmt"/>
      <line num="14" count="6" type="stmt"/>
      <line num="15" count="6" type="stmt"/>
      <line num="17" count="6" type="stmt"/>
      <line num="28" count="6" type="stmt"/>
      <line num="30" count="6" type="stmt"/>
      <line num="32" count="6" type="stmt"/>
      <line num="33" count="0" type="stmt"/>
      <line num="34" count="0" type="stmt"/>
      <line num="35" count="0" type="stmt"/>
      <line num="36" count="0" type="stmt"/>
      <line num="39" count="6" type="stmt"/>
      <line num="41" count="6" type="stmt"/>
      <line num="43" count="6" type="stmt"/>
      <line num="45" count="6" type="stmt"/>
      <line num="46" count="6" type="stmt"/>
      <line num="48" count="6" type="stmt"/>
      <line num="50" count="6" type="stmt"/>
      <line num="51" count="0" type="stmt"/>
      <line num="52" count="0" type="stmt"/>
      <line num="53" count="0" type="stmt"/>
      <line num="54" count="0" type="stmt"/>
      <line num="57" count="6" type="stmt"/>
      <line num="58" count="0" type="stmt"/>
      <line num="59" count="0" type="stmt"/>
      <line num="60" count="0" type="stmt"/>
      <line num="61" count="0" type="stmt"/>
      <line num="62" count="0" type="stmt"/>
      <line num="66" count="6" type="stmt"/>
      <line num="67" count="0" type="stmt"/>
      <line num="68" count="0" type="stmt"/>
      <line num="69" count="0" type="stmt"/>
      <line num="70" count="0" type="stmt"/>
    </file>
    <file name="local-storage.js" path="C:\Users\lenovo 2019\Documents\microverse\Main-Curriculum\javascript\to-do-list\src\local-storage.js">
      <metrics statements="3" coveredstatements="3" conditionals="2" coveredconditionals="2" methods="2" coveredmethods="2"/>
      <line num="2" count="3" type="stmt"/>
      <line num="6" count="6" type="stmt"/>
      <line num="8" count="6" type="cond" truecount="2" falsecount="0"/>
    </file>
  </project>
</coverage>
