{"C:\\Users\\lenovo 2019\\Documents\\microverse\\Main-Curriculum\\javascript\\to-do-list\\src\\add-and-remove.js": {"path":"C:\\Users\\lenovo 2019\\Documents\\microverse\\Main-Curriculum\\javascript\\to-do-list\\src\\add-and-remove.js","statementMap":{"0":{"start":{"line":5,"column":22},"end":{"line":5,"column":81}},"1":{"start":{"line":6,"column":2},"end":{"line":6,"column":31}},"2":{"start":{"line":7,"column":2},"end":{"line":7,"column":20}},"3":{"start":{"line":11,"column":2},"end":{"line":11,"column":30}},"4":{"start":{"line":12,"column":2},"end":{"line":12,"column":27}},"5":{"start":{"line":13,"column":2},"end":{"line":13,"column":20}},"6":{"start":{"line":17,"column":17},"end":{"line":17,"column":80}},"7":{"start":{"line":17,"column":50},"end":{"line":17,"column":78}},"8":{"start":{"line":18,"column":2},"end":{"line":18,"column":23}},"9":{"start":{"line":19,"column":2},"end":{"line":19,"column":16}}},"fnMap":{"0":{"name":"addTask","decl":{"start":{"line":4,"column":9},"end":{"line":4,"column":16}},"loc":{"start":{"line":4,"column":42},"end":{"line":8,"column":1}},"line":4},"1":{"name":"deleteTask","decl":{"start":{"line":10,"column":9},"end":{"line":10,"column":19}},"loc":{"start":{"line":10,"column":39},"end":{"line":14,"column":1}},"line":10},"2":{"name":"deleteAll","decl":{"start":{"line":16,"column":9},"end":{"line":16,"column":18}},"loc":{"start":{"line":16,"column":31},"end":{"line":20,"column":1}},"line":16},"3":{"name":"(anonymous_3)","decl":{"start":{"line":17,"column":35},"end":{"line":17,"column":36}},"loc":{"start":{"line":17,"column":50},"end":{"line":17,"column":78}},"line":17}},"branchMap":{},"s":{"0":10,"1":10,"2":10,"3":2,"4":2,"5":2,"6":2,"7":8,"8":2,"9":2},"f":{"0":10,"1":2,"2":2,"3":8},"b":{},"_coverageSchema":"1a1c01bbd47fc00a2c39e90264f33305004495a9","hash":"7d5cc5e4baba1254c2e99af0e6b20ee7a9d17774"}
,"C:\\Users\\lenovo 2019\\Documents\\microverse\\Main-Curriculum\\javascript\\to-do-list\\src\\change-state-checked.js": {"path":"C:\\Users\\lenovo 2019\\Documents\\microverse\\Main-Curriculum\\javascript\\to-do-list\\src\\change-state-checked.js","statementMap":{"0":{"start":{"line":5,"column":2},"end":{"line":9,"column":3}},"1":{"start":{"line":6,"column":4},"end":{"line":6,"column":36}},"2":{"start":{"line":8,"column":4},"end":{"line":8,"column":35}}},"fnMap":{"0":{"name":"changeStateChecked","decl":{"start":{"line":4,"column":9},"end":{"line":4,"column":27}},"loc":{"start":{"line":4,"column":43},"end":{"line":10,"column":1}},"line":4}},"branchMap":{"0":{"loc":{"start":{"line":5,"column":2},"end":{"line":9,"column":3}},"type":"if","locations":[{"start":{"line":5,"column":2},"end":{"line":9,"column":3}},{"start":{"line":5,"column":2},"end":{"line":9,"column":3}}],"line":5}},"s":{"0":1,"1":0,"2":1},"f":{"0":1},"b":{"0":[0,1]},"_coverageSchema":"1a1c01bbd47fc00a2c39e90264f33305004495a9","hash":"c1c7597787cafa7af9eeb5a6baa767fb8ae59087"}
,"C:\\Users\\lenovo 2019\\Documents\\microverse\\Main-Curriculum\\javascript\\to-do-list\\src\\checked.js": {"path":"C:\\Users\\lenovo 2019\\Documents\\microverse\\Main-Curriculum\\javascript\\to-do-list\\src\\checked.js","statementMap":{"0":{"start":{"line":8,"column":16},"end":{"line":8,"column":18}},"1":{"start":{"line":10,"column":2},"end":{"line":12,"column":3}},"2":{"start":{"line":11,"column":4},"end":{"line":11,"column":24}},"3":{"start":{"line":14,"column":2},"end":{"line":14,"column":17}},"4":{"start":{"line":18,"column":2},"end":{"line":22,"column":3}},"5":{"start":{"line":19,"column":4},"end":{"line":19,"column":60}},"6":{"start":{"line":21,"column":4},"end":{"line":21,"column":63}},"7":{"start":{"line":26,"column":2},"end":{"line":31,"column":5}},"8":{"start":{"line":27,"column":4},"end":{"line":27,"column":38}},"9":{"start":{"line":29,"column":4},"end":{"line":29,"column":37}},"10":{"start":{"line":30,"column":4},"end":{"line":30,"column":29}}},"fnMap":{"0":{"name":"checked","decl":{"start":{"line":7,"column":9},"end":{"line":7,"column":16}},"loc":{"start":{"line":7,"column":32},"end":{"line":15,"column":1}},"line":7},"1":{"name":"textDecorationChecked","decl":{"start":{"line":17,"column":9},"end":{"line":17,"column":30}},"loc":{"start":{"line":17,"column":57},"end":{"line":23,"column":1}},"line":17},"2":{"name":"changeState","decl":{"start":{"line":25,"column":9},"end":{"line":25,"column":20}},"loc":{"start":{"line":25,"column":47},"end":{"line":32,"column":1}},"line":25},"3":{"name":"(anonymous_3)","decl":{"start":{"line":26,"column":39},"end":{"line":26,"column":40}},"loc":{"start":{"line":26,"column":45},"end":{"line":31,"column":3}},"line":26}},"branchMap":{"0":{"loc":{"start":{"line":10,"column":2},"end":{"line":12,"column":3}},"type":"if","locations":[{"start":{"line":10,"column":2},"end":{"line":12,"column":3}},{"start":{"line":10,"column":2},"end":{"line":12,"column":3}}],"line":10},"1":{"loc":{"start":{"line":18,"column":2},"end":{"line":22,"column":3}},"type":"if","locations":[{"start":{"line":18,"column":2},"end":{"line":22,"column":3}},{"start":{"line":18,"column":2},"end":{"line":22,"column":3}}],"line":18}},"s":{"0":15,"1":15,"2":1,"3":15,"4":15,"5":1,"6":14,"7":15,"8":0,"9":0,"10":0},"f":{"0":15,"1":15,"2":15,"3":0},"b":{"0":[1,14],"1":[1,14]},"_coverageSchema":"1a1c01bbd47fc00a2c39e90264f33305004495a9","hash":"be22f86abf3ac80e6d9d75e9a2e0b252e32e3690"}
,"C:\\Users\\lenovo 2019\\Documents\\microverse\\Main-Curriculum\\javascript\\to-do-list\\src\\display-task.js": {"path":"C:\\Users\\lenovo 2019\\Documents\\microverse\\Main-Curriculum\\javascript\\to-do-list\\src\\display-task.js","statementMap":{"0":{"start":{"line":13,"column":13},"end":{"line":13,"column":49}},"1":{"start":{"line":14,"column":2},"end":{"line":14,"column":20}},"2":{"start":{"line":15,"column":21},"end":{"line":15,"column":43}},"3":{"start":{"line":17,"column":2},"end":{"line":76,"column":5}},"4":{"start":{"line":18,"column":15},"end":{"line":18,"column":43}},"5":{"start":{"line":19,"column":20},"end":{"line":19,"column":55}},"6":{"start":{"line":21,"column":4},"end":{"line":30,"column":9}},"7":{"start":{"line":32,"column":4},"end":{"line":32,"column":23}},"8":{"start":{"line":34,"column":22},"end":{"line":34,"column":62}},"9":{"start":{"line":36,"column":4},"end":{"line":41,"column":6}},"10":{"start":{"line":37,"column":26},"end":{"line":37,"column":48}},"11":{"start":{"line":38,"column":6},"end":{"line":38,"column":51}},"12":{"start":{"line":39,"column":6},"end":{"line":39,"column":40}},"13":{"start":{"line":40,"column":6},"end":{"line":40,"column":23}},"14":{"start":{"line":43,"column":4},"end":{"line":43,"column":52}},"15":{"start":{"line":45,"column":22},"end":{"line":45,"column":62}},"16":{"start":{"line":47,"column":4},"end":{"line":47,"column":42}},"17":{"start":{"line":49,"column":27},"end":{"line":49,"column":72}},"18":{"start":{"line":50,"column":21},"end":{"line":50,"column":58}},"19":{"start":{"line":52,"column":22},"end":{"line":52,"column":48}},"20":{"start":{"line":54,"column":4},"end":{"line":59,"column":7}},"21":{"start":{"line":55,"column":6},"end":{"line":55,"column":45}},"22":{"start":{"line":56,"column":6},"end":{"line":56,"column":42}},"23":{"start":{"line":57,"column":6},"end":{"line":57,"column":44}},"24":{"start":{"line":58,"column":6},"end":{"line":58,"column":79}},"25":{"start":{"line":61,"column":4},"end":{"line":68,"column":7}},"26":{"start":{"line":62,"column":6},"end":{"line":67,"column":14}},"27":{"start":{"line":63,"column":8},"end":{"line":63,"column":50}},"28":{"start":{"line":64,"column":8},"end":{"line":64,"column":41}},"29":{"start":{"line":65,"column":8},"end":{"line":65,"column":49}},"30":{"start":{"line":66,"column":8},"end":{"line":66,"column":49}},"31":{"start":{"line":70,"column":4},"end":{"line":75,"column":7}},"32":{"start":{"line":71,"column":17},"end":{"line":71,"column":39}},"33":{"start":{"line":72,"column":6},"end":{"line":72,"column":39}},"34":{"start":{"line":73,"column":6},"end":{"line":73,"column":33}},"35":{"start":{"line":74,"column":6},"end":{"line":74,"column":23}}},"fnMap":{"0":{"name":"displayTasks","decl":{"start":{"line":12,"column":9},"end":{"line":12,"column":21}},"loc":{"start":{"line":12,"column":24},"end":{"line":77,"column":1}},"line":12},"1":{"name":"(anonymous_1)","decl":{"start":{"line":17,"column":21},"end":{"line":17,"column":22}},"loc":{"start":{"line":17,"column":38},"end":{"line":76,"column":3}},"line":17},"2":{"name":"(anonymous_2)","decl":{"start":{"line":36,"column":25},"end":{"line":36,"column":26}},"loc":{"start":{"line":36,"column":31},"end":{"line":41,"column":5}},"line":36},"3":{"name":"(anonymous_3)","decl":{"start":{"line":54,"column":40},"end":{"line":54,"column":41}},"loc":{"start":{"line":54,"column":46},"end":{"line":59,"column":5}},"line":54},"4":{"name":"(anonymous_4)","decl":{"start":{"line":61,"column":43},"end":{"line":61,"column":44}},"loc":{"start":{"line":61,"column":49},"end":{"line":68,"column":5}},"line":61},"5":{"name":"(anonymous_5)","decl":{"start":{"line":62,"column":17},"end":{"line":62,"column":18}},"loc":{"start":{"line":62,"column":23},"end":{"line":67,"column":7}},"line":62},"6":{"name":"(anonymous_6)","decl":{"start":{"line":70,"column":39},"end":{"line":70,"column":40}},"loc":{"start":{"line":70,"column":45},"end":{"line":75,"column":5}},"line":70}},"branchMap":{},"s":{"0":7,"1":7,"2":7,"3":7,"4":15,"5":15,"6":15,"7":15,"8":15,"9":15,"10":0,"11":0,"12":0,"13":0,"14":15,"15":15,"16":15,"17":15,"18":15,"19":15,"20":15,"21":0,"22":0,"23":0,"24":0,"25":15,"26":0,"27":0,"28":0,"29":0,"30":0,"31":15,"32":0,"33":0,"34":0,"35":0},"f":{"0":7,"1":15,"2":0,"3":0,"4":0,"5":0,"6":0},"b":{},"_coverageSchema":"1a1c01bbd47fc00a2c39e90264f33305004495a9","hash":"f7080126f7b7b587c112e584d2d1b5d73c2340b9"}
,"C:\\Users\\lenovo 2019\\Documents\\microverse\\Main-Curriculum\\javascript\\to-do-list\\src\\local-storage.js": {"path":"C:\\Users\\lenovo 2019\\Documents\\microverse\\Main-Curriculum\\javascript\\to-do-list\\src\\local-storage.js","statementMap":{"0":{"start":{"line":2,"column":2},"end":{"line":2,"column":65}},"1":{"start":{"line":6,"column":21},"end":{"line":6,"column":23}},"2":{"start":{"line":8,"column":2},"end":{"line":8,"column":70}}},"fnMap":{"0":{"name":"saveDataLocalStorage","decl":{"start":{"line":1,"column":9},"end":{"line":1,"column":29}},"loc":{"start":{"line":1,"column":42},"end":{"line":3,"column":1}},"line":1},"1":{"name":"loadDataLocalStorage","decl":{"start":{"line":5,"column":9},"end":{"line":5,"column":29}},"loc":{"start":{"line":5,"column":32},"end":{"line":9,"column":1}},"line":5}},"branchMap":{"0":{"loc":{"start":{"line":8,"column":9},"end":{"line":8,"column":69}},"type":"binary-expr","locations":[{"start":{"line":8,"column":9},"end":{"line":8,"column":55}},{"start":{"line":8,"column":59},"end":{"line":8,"column":69}}],"line":8}},"s":{"0":7,"1":16,"2":16},"f":{"0":7,"1":16},"b":{"0":[16,4]},"_coverageSchema":"1a1c01bbd47fc00a2c39e90264f33305004495a9","hash":"352ac7cc3101e4054e613d292d0da507bbb0ef7a"}
,"C:\\Users\\lenovo 2019\\Documents\\microverse\\Main-Curriculum\\javascript\\to-do-list\\src\\reorder-index.js": {"path":"C:\\Users\\lenovo 2019\\Documents\\microverse\\Main-Curriculum\\javascript\\to-do-list\\src\\reorder-index.js","statementMap":{"0":{"start":{"line":4,"column":2},"end":{"line":7,"column":5}},"1":{"start":{"line":5,"column":4},"end":{"line":5,"column":22}},"2":{"start":{"line":6,"column":4},"end":{"line":6,"column":16}}},"fnMap":{"0":{"name":"reorderIndex","decl":{"start":{"line":3,"column":9},"end":{"line":3,"column":21}},"loc":{"start":{"line":3,"column":34},"end":{"line":8,"column":1}},"line":3},"1":{"name":"(anonymous_1)","decl":{"start":{"line":4,"column":20},"end":{"line":4,"column":21}},"loc":{"start":{"line":4,"column":36},"end":{"line":7,"column":3}},"line":4}},"branchMap":{},"s":{"0":5,"1":14,"2":14},"f":{"0":5,"1":14},"b":{},"_coverageSchema":"1a1c01bbd47fc00a2c39e90264f33305004495a9","hash":"50fe7bd78f81737c9567206332f0ca1d0b2b6d61"}
,"C:\\Users\\lenovo 2019\\Documents\\microverse\\Main-Curriculum\\javascript\\to-do-list\\src\\task-input.js": {"path":"C:\\Users\\lenovo 2019\\Documents\\microverse\\Main-Curriculum\\javascript\\to-do-list\\src\\task-input.js","statementMap":{"0":{"start":{"line":8,"column":2},"end":{"line":8,"column":25}},"1":{"start":{"line":9,"column":2},"end":{"line":9,"column":47}},"2":{"start":{"line":10,"column":2},"end":{"line":10,"column":36}},"3":{"start":{"line":11,"column":2},"end":{"line":11,"column":19}}},"fnMap":{"0":{"name":"inputTask","decl":{"start":{"line":7,"column":9},"end":{"line":7,"column":18}},"loc":{"start":{"line":7,"column":50},"end":{"line":12,"column":1}},"line":7}},"branchMap":{},"s":{"0":1,"1":1,"2":1,"3":1},"f":{"0":1},"b":{},"_coverageSchema":"1a1c01bbd47fc00a2c39e90264f33305004495a9","hash":"8418be3dbff254b8c3e62de3c5cf32d72aeaf93a"}
}
