TN:
SF:src\add-and-remove.js
FN:4,addTask
FN:10,deleteTask
FN:16,deleteAll
FN:17,(anonymous_3)
FNF:4
FNH:4
FNDA:10,addTask
FNDA:2,deleteTask
FNDA:2,deleteAll
FNDA:8,(anonymous_3)
DA:5,10
DA:6,10
DA:7,10
DA:11,2
DA:12,2
DA:13,2
DA:17,8
DA:18,2
DA:19,2
LF:9
LH:9
BRF:0
BRH:0
end_of_record
TN:
SF:src\change-state-checked.js
FN:4,changeStateChecked
FNF:1
FNH:1
FNDA:1,changeStateChecked
DA:5,1
DA:6,0
DA:8,1
LF:3
LH:2
BRDA:5,0,0,0
BRDA:5,0,1,1
BRF:2
BRH:1
end_of_record
TN:
SF:src\checked.js
FN:7,checked
FN:17,textDecorationChecked
FN:25,changeState
FN:26,(anonymous_3)
FNF:4
FNH:3
FNDA:15,checked
FNDA:15,textDecorationChecked
FNDA:15,changeState
FNDA:0,(anonymous_3)
DA:8,15
DA:10,15
DA:11,1
DA:14,15
DA:18,15
DA:19,1
DA:21,14
DA:26,15
DA:27,0
DA:29,0
DA:30,0
LF:11
LH:8
BRDA:10,0,0,1
BRDA:10,0,1,14
BRDA:18,1,0,1
BRDA:18,1,1,14
BRF:4
BRH:4
end_of_record
TN:
SF:src\display-task.js
FN:12,displayTasks
FN:17,(anonymous_1)
FN:36,(anonymous_2)
FN:54,(anonymous_3)
FN:61,(anonymous_4)
FN:62,(anonymous_5)
FN:70,(anonymous_6)
FNF:7
FNH:2
FNDA:7,displayTasks
FNDA:15,(anonymous_1)
FNDA:0,(anonymous_2)
FNDA:0,(anonymous_3)
FNDA:0,(anonymous_4)
FNDA:0,(anonymous_5)
FNDA:0,(anonymous_6)
DA:13,7
DA:14,7
DA:15,7
DA:17,7
DA:18,15
DA:19,15
DA:21,15
DA:32,15
DA:34,15
DA:36,15
DA:37,0
DA:38,0
DA:39,0
DA:40,0
DA:43,15
DA:45,15
DA:47,15
DA:49,15
DA:50,15
DA:52,15
DA:54,15
DA:55,0
DA:56,0
DA:57,0
DA:58,0
DA:61,15
DA:62,0
DA:63,0
DA:64,0
DA:65,0
DA:66,0
DA:70,15
DA:71,0
DA:72,0
DA:73,0
DA:74,0
LF:36
LH:19
BRF:0
BRH:0
end_of_record
TN:
SF:src\local-storage.js
FN:1,saveDataLocalStorage
FN:5,loadDataLocalStorage
FNF:2
FNH:2
FNDA:7,saveDataLocalStorage
FNDA:16,loadDataLocalStorage
DA:2,7
DA:6,16
DA:8,16
LF:3
LH:3
BRDA:8,0,0,16
BRDA:8,0,1,4
BRF:2
BRH:2
end_of_record
TN:
SF:src\reorder-index.js
FN:3,reorderIndex
FN:4,(anonymous_1)
FNF:2
FNH:2
FNDA:5,reorderIndex
FNDA:14,(anonymous_1)
DA:4,5
DA:5,14
DA:6,14
LF:3
LH:3
BRF:0
BRH:0
end_of_record
TN:
SF:src\task-input.js
FN:7,inputTask
FNF:1
FNH:1
FNDA:1,inputTask
DA:8,1
DA:9,1
DA:10,1
DA:11,1
LF:4
LH:4
BRF:0
BRH:0
end_of_record
