TN:
SF:src\add-and-remove.js
FN:2,addTask
FN:8,deleteTask
FN:10,(anonymous_2)
FN:17,deleteAll
FN:18,(anonymous_4)
FN:19,(anonymous_5)
FNF:6
FNH:6
FNDA:4,addTask
FNDA:1,deleteTask
FNDA:1,(anonymous_2)
FNDA:1,deleteAll
FNDA:3,(anonymous_4)
FNDA:3,(anonymous_5)
DA:3,4
DA:4,4
DA:5,4
DA:9,1
DA:10,1
DA:11,1
DA:12,1
DA:14,1
DA:18,3
DA:19,1
DA:20,3
DA:21,3
DA:23,1
LF:13
LH:13
BRF:0
BRH:0
end_of_record
TN:
SF:src\checked.js
FN:6,checked
FN:16,textDecorationChecked
FN:24,changeState
FN:25,(anonymous_3)
FNF:4
FNH:3
FNDA:6,checked
FNDA:6,textDecorationChecked
FNDA:6,changeState
FNDA:0,(anonymous_3)
DA:7,6
DA:9,6
DA:10,0
DA:13,6
DA:17,6
DA:18,0
DA:20,6
DA:25,6
DA:26,0
DA:27,0
DA:29,0
DA:32,0
DA:33,0
LF:13
LH:6
BRDA:9,0,0,0
BRDA:9,0,1,6
BRDA:17,1,0,0
BRDA:17,1,1,6
BRDA:26,2,0,0
BRDA:26,2,1,0
BRF:6
BRH:2
end_of_record
TN:
SF:src\display-task.js
FN:9,displayTasks
FN:13,(anonymous_1)
FN:32,(anonymous_2)
FN:50,(anonymous_3)
FN:57,(anonymous_4)
FN:58,(anonymous_5)
FN:66,(anonymous_6)
FNF:7
FNH:2
FNDA:3,displayTasks
FNDA:6,(anonymous_1)
FNDA:0,(anonymous_2)
FNDA:0,(anonymous_3)
FNDA:0,(anonymous_4)
FNDA:0,(anonymous_5)
FNDA:0,(anonymous_6)
DA:10,3
DA:11,3
DA:13,3
DA:14,6
DA:15,6
DA:17,6
DA:28,6
DA:30,6
DA:32,6
DA:33,0
DA:34,0
DA:35,0
DA:36,0
DA:39,6
DA:41,6
DA:43,6
DA:45,6
DA:46,6
DA:48,6
DA:50,6
DA:51,0
DA:52,0
DA:53,0
DA:54,0
DA:57,6
DA:58,0
DA:59,0
DA:60,0
DA:61,0
DA:62,0
DA:66,6
DA:67,0
DA:68,0
DA:69,0
DA:70,0
LF:35
LH:18
BRF:0
BRH:0
end_of_record
TN:
SF:src\local-storage.js
FN:1,saveDataLocalStorage
FN:5,loadDataLocalStorage
FNF:2
FNH:2
FNDA:3,saveDataLocalStorage
FNDA:6,loadDataLocalStorage
DA:2,3
DA:6,6
DA:8,6
LF:3
LH:3
BRDA:8,0,0,6
BRDA:8,0,1,1
BRF:2
BRH:2
end_of_record
